Content-Type: multipart/alternative;
 boundary="===============0716867944337835597=="
MIME-Version: 1.0
Subject: 
 =?utf-8?q?Tu_c=C3=B3digo_de_verificaci=C3=B3n_-_FM_SERVICIOS_GENERALES?=
From: no-reply@fm-servicios.local
To: luchoopr1@gmail.com
Date: Wed, 12 Nov 2025 03:10:38 -0000
Message-ID: <176291703897.3852.15776574969784383043@DESKTOP-F08RVJ7>

--===============0716867944337835597==
Content-Type: text/plain; charset="utf-8"
MIME-Version: 1.0
Content-Transfer-Encoding: 8bit

Hola as as,

Tu código de verificación es: 882640
Este código vence en 10 minutos.

También puedes aprobar con un clic:
http://127.0.0.1:8000/login/approve/eOasdXoP35u_ugp0fx3QrDwuVt66dy6k/

Si no intentaste iniciar sesión, ignora este mensaje.

— FM SERVICIOS GENERALES

--===============0716867944337835597==
Content-Type: text/html; charset="utf-8"
MIME-Version: 1.0
Content-Transfer-Encoding: 8bit

<!doctype html>
<html>
  <body style="font-family: Arial, Helvetica, sans-serif;">
    <p>Hola as as,</p>
    <p>Tu código de verificación es: <strong>882640</strong></p>
    <p>Este código vence en 10 minutos.</p>
    <p>
      También puedes aprobar con un clic:<br>
      <a href="http://127.0.0.1:8000/login/approve/eOasdXoP35u_ugp0fx3QrDwuVt66dy6k/" style="display:inline-block;padding:10px 16px;background:#0d6efd;color:#fff;text-decoration:none;border-radius:6px;">Sí, soy yo</a>
    </p>
    <p>Si no intentaste iniciar sesión, ignora este mensaje.</p>
    <p>— FM SERVICIOS GENERALES</p>
  </body>
 </html>

--===============0716867944337835597==--

-------------------------------------------------------------------------------
